<?xml version="1.0" encoding="UTF-8"?>
<!-- Generated by org.testng.reporters.JUnitReportReporter -->
<testsuite hostname="DESKTOP-OGIRBPF" failures="0" tests="2" name="runner.loginrunner" time="0.224" errors="0" timestamp="2024-07-09T18:42:55 IST" skipped="0">
  <testcase classname="runner.loginrunner" name="runScenario" time="0.039"/>
  <testcase classname="runner.loginrunner" name="runScenario" time="0.185"/>
</testsuite> <!-- runner.loginrunner -->
