<?xml version="1.0" encoding="UTF-8"?>
<!-- Generated by org.testng.reporters.JUnitReportReporter -->
<testsuite hostname="DESKTOP-OGIRBPF" failures="0" tests="3" name="runner.profilePictureRunner" time="0.324" errors="0" timestamp="2024-07-09T13:32:25 IST" skipped="0">
  <testcase classname="runner.profilePictureRunner" name="runScenario" time="0.231"/>
  <testcase classname="runner.profilePictureRunner" name="runScenario" time="0.044"/>
  <testcase classname="runner.profilePictureRunner" name="runScenario" time="0.049"/>
</testsuite> <!-- runner.profilePictureRunner -->
