<?xml version="1.0" encoding="UTF-8"?>
<!-- Generated by org.testng.reporters.JUnitReportReporter -->
<testsuite hostname="DESKTOP-OGIRBPF" failures="0" tests="1" name="runner.loginwithdatarunner" time="0.103" errors="0" timestamp="2024-07-07T12:17:49 IST" skipped="0">
  <testcase classname="runner.loginwithdatarunner" name="runScenario" time="0.103"/>
</testsuite> <!-- runner.loginwithdatarunner -->
