<?xml version="1.0" encoding="UTF-8"?>
<!-- Generated by org.testng.reporters.JUnitReportReporter -->
<testsuite hostname="DESKTOP-OGIRBPF" failures="0" tests="3" name="runner.backgrounScenarioOutlineRunner" time="0.266" errors="0" timestamp="2024-07-08T19:12:16 IST" skipped="0">
  <testcase classname="runner.backgrounScenarioOutlineRunner" name="runScenario" time="0.044"/>
  <testcase classname="runner.backgrounScenarioOutlineRunner" name="runScenario" time="0.175"/>
  <testcase classname="runner.backgrounScenarioOutlineRunner" name="runScenario" time="0.047"/>
</testsuite> <!-- runner.backgrounScenarioOutlineRunner -->
