<?xml version="1.0" encoding="UTF-8"?>
<!-- Generated by org.testng.reporters.JUnitReportReporter -->
<testsuite hostname="DESKTOP-OGIRBPF" failures="0" tests="3" name="runner.ordersrunner" time="0.278" errors="0" timestamp="2024-07-07T20:43:34 IST" skipped="0">
  <testcase classname="runner.ordersrunner" name="runScenario" time="0.055"/>
  <testcase classname="runner.ordersrunner" name="runScenario" time="0.194"/>
  <testcase classname="runner.ordersrunner" name="runScenario" time="0.029"/>
</testsuite> <!-- runner.ordersrunner -->
