<?xml version="1.0" encoding="UTF-8"?>
<!-- Generated by org.testng.reporters.JUnitReportReporter -->
<testsuite hostname="DESKTOP-OGIRBPF" failures="0" tests="1" name="runner.testClass" time="0.013" errors="0" timestamp="2024-07-09T18:40:58 IST" skipped="0">
  <testcase classname="runner.testClass" name="m1" time="0.013"/>
</testsuite> <!-- runner.testClass -->
